c:\users\yunus\source\repos\mobilitypay\listoperationsdll\release\listoperationsdll.pch
c:\users\yunus\source\repos\mobilitypay\listoperationsdll\release\vc143.pdb
c:\users\yunus\source\repos\mobilitypay\listoperationsdll\release\pch.obj
c:\users\yunus\source\repos\mobilitypay\listoperationsdll\release\dllmain.obj
c:\users\yunus\source\repos\mobilitypay\release\listoperationsdll.dll
c:\users\yunus\source\repos\mobilitypay\listoperationsdll\release\listoperationsdll.ipdb
c:\users\yunus\source\repos\mobilitypay\listoperationsdll\release\listoperationsdll.iobj
c:\users\yunus\source\repos\mobilitypay\release\listoperationsdll.pdb
c:\users\yunus\source\repos\mobilitypay\release\listoperationsdll.lib
c:\users\yunus\source\repos\mobilitypay\release\listoperationsdll.exp
c:\users\yunus\documents\github\winforms-crud-efcore\listoperationsdll\release\dllmain.obj
c:\users\yunus\documents\github\winforms-crud-efcore\listoperationsdll\release\pch.obj
c:\users\yunus\documents\github\winforms-crud-efcore\listoperationsdll\release\listoperationsdll.ipdb
c:\users\yunus\documents\github\winforms-crud-efcore\listoperationsdll\release\listoperationsdll.iobj
c:\users\yunus\documents\github\winforms-crud-efcore\listoperationsdll\release\listoperationsdll.pch
c:\users\yunus\documents\github\winforms-crud-efcore\listoperationsdll\release\vc143.pdb
c:\users\yunus\documents\github\winforms-crud-efcore\release\listoperationsdll.pdb
c:\users\yunus\documents\github\winforms-crud-efcore\release\listoperationsdll.dll
c:\users\yunus\documents\github\winforms-crud-efcore\listoperationsdll\release\listoper.cd1f2064.tlog\cl.command.1.tlog
c:\users\yunus\documents\github\winforms-crud-efcore\listoperationsdll\release\listoper.cd1f2064.tlog\cl.items.tlog
c:\users\yunus\documents\github\winforms-crud-efcore\listoperationsdll\release\listoper.cd1f2064.tlog\cl.read.1.tlog
c:\users\yunus\documents\github\winforms-crud-efcore\listoperationsdll\release\listoper.cd1f2064.tlog\cl.write.1.tlog
c:\users\yunus\documents\github\winforms-crud-efcore\listoperationsdll\release\listoper.cd1f2064.tlog\link.command.1.tlog
c:\users\yunus\documents\github\winforms-crud-efcore\listoperationsdll\release\listoper.cd1f2064.tlog\link.read.1.tlog
c:\users\yunus\documents\github\winforms-crud-efcore\listoperationsdll\release\listoper.cd1f2064.tlog\link.write.1.tlog
c:\users\yunus\documents\github\winforms-crud-efcore\listoperationsdll\release\listoper.cd1f2064.tlog\link.write.2u.tlog
