c:\users\yunus\source\repos\mobilitypay\listoperationsdll\debug\listoperationsdll.pch
c:\users\yunus\source\repos\mobilitypay\listoperationsdll\debug\vc143.pdb
c:\users\yunus\source\repos\mobilitypay\listoperationsdll\debug\vc143.idb
c:\users\yunus\source\repos\mobilitypay\listoperationsdll\debug\pch.obj
c:\users\yunus\source\repos\mobilitypay\listoperationsdll\debug\dllmain.obj
c:\users\yunus\source\repos\mobilitypay\listoperationsdll\debug\listoperationsdll.ilk
c:\users\yunus\source\repos\mobilitypay\debug\listoperationsdll.dll
c:\users\yunus\source\repos\mobilitypay\debug\listoperationsdll.pdb
c:\users\yunus\source\repos\mobilitypay\debug\listoperationsdll.lib
c:\users\yunus\source\repos\mobilitypay\debug\listoperationsdll.exp
c:\users\yunus\documents\github\winforms-crud-efcore\listoperationsdll\debug\dllmain.obj
c:\users\yunus\documents\github\winforms-crud-efcore\listoperationsdll\debug\pch.obj
c:\users\yunus\documents\github\winforms-crud-efcore\listoperationsdll\debug\listoperationsdll.ilk
c:\users\yunus\documents\github\winforms-crud-efcore\listoperationsdll\debug\listoperationsdll.pch
c:\users\yunus\documents\github\winforms-crud-efcore\listoperationsdll\debug\vc143.idb
c:\users\yunus\documents\github\winforms-crud-efcore\listoperationsdll\debug\vc143.pdb
c:\users\yunus\documents\github\winforms-crud-efcore\debug\listoperationsdll.pdb
c:\users\yunus\documents\github\winforms-crud-efcore\debug\listoperationsdll.dll
c:\users\yunus\documents\github\winforms-crud-efcore\listoperationsdll\debug\listoper.cd1f2064.tlog\cl.command.1.tlog
c:\users\yunus\documents\github\winforms-crud-efcore\listoperationsdll\debug\listoper.cd1f2064.tlog\cl.items.tlog
c:\users\yunus\documents\github\winforms-crud-efcore\listoperationsdll\debug\listoper.cd1f2064.tlog\cl.read.1.tlog
c:\users\yunus\documents\github\winforms-crud-efcore\listoperationsdll\debug\listoper.cd1f2064.tlog\cl.write.1.tlog
c:\users\yunus\documents\github\winforms-crud-efcore\listoperationsdll\debug\listoper.cd1f2064.tlog\link.command.1.tlog
c:\users\yunus\documents\github\winforms-crud-efcore\listoperationsdll\debug\listoper.cd1f2064.tlog\link.read.1.tlog
c:\users\yunus\documents\github\winforms-crud-efcore\listoperationsdll\debug\listoper.cd1f2064.tlog\link.write.1.tlog
c:\users\yunus\documents\github\winforms-crud-efcore\listoperationsdll\debug\listoper.cd1f2064.tlog\link.write.2u.tlog
